Using pre-set license
Built from '2022.3/staging' branch; Version is '2022.3.4f1 (35713cd46cd7) revision 3502396'; Using compiler version '192829333'; Build Type 'Release'
OS: 'Windows 11  (10.0.22621) 64bit Professional' Language: 'en' Physical Memory: 16303 MB
BatchMode: 1, IsHumanControllingUs: 0, StartBugReporterOnCrash: 0, Is64bit: 1, IsPro: 1

COMMAND LINE ARGUMENTS:
C:\Program Files\Unity\Hub\Editor\2022.3.4f1\Editor\Unity.exe
-adb2
-batchMode
-noUpm
-name
AssetImportWorker0
-projectPath
C:/Users/james/source/repos/Swashbucklers/Swashbucklers
-logFile
Logs/AssetImportWorker0.log
-srvPort
58704
Successfully changed project path to: C:/Users/james/source/repos/Swashbucklers/Swashbucklers
C:/Users/james/source/repos/Swashbucklers/Swashbucklers
[UnityMemory] Configuration Parameters - Can be set up in boot.config
    "memorysetup-bucket-allocator-granularity=16"
    "memorysetup-bucket-allocator-bucket-count=8"
    "memorysetup-bucket-allocator-block-size=33554432"
    "memorysetup-bucket-allocator-block-count=8"
    "memorysetup-main-allocator-block-size=16777216"
    "memorysetup-thread-allocator-block-size=16777216"
    "memorysetup-gfx-main-allocator-block-size=16777216"
    "memorysetup-gfx-thread-allocator-block-size=16777216"
    "memorysetup-cache-allocator-block-size=4194304"
    "memorysetup-typetree-allocator-block-size=2097152"
    "memorysetup-profiler-bucket-allocator-granularity=16"
    "memorysetup-profiler-bucket-allocator-bucket-count=8"
    "memorysetup-profiler-bucket-allocator-block-size=33554432"
    "memorysetup-profiler-bucket-allocator-block-count=8"
    "memorysetup-profiler-allocator-block-size=16777216"
    "memorysetup-profiler-editor-allocator-block-size=1048576"
    "memorysetup-temp-allocator-size-main=16777216"
    "memorysetup-job-temp-allocator-block-size=2097152"
    "memorysetup-job-temp-allocator-block-size-background=1048576"
    "memorysetup-job-temp-allocator-reduction-small-platforms=262144"
    "memorysetup-allocator-temp-initial-block-size-main=262144"
    "memorysetup-allocator-temp-initial-block-size-worker=262144"
    "memorysetup-temp-allocator-size-background-worker=32768"
    "memorysetup-temp-allocator-size-job-worker=262144"
    "memorysetup-temp-allocator-size-preload-manager=33554432"
    "memorysetup-temp-allocator-size-nav-mesh-worker=65536"
    "memorysetup-temp-allocator-size-audio-worker=65536"
    "memorysetup-temp-allocator-size-cloud-worker=32768"
    "memorysetup-temp-allocator-size-gi-baking-worker=262144"
    "memorysetup-temp-allocator-size-gfx=262144"
Player connection [1904] Host "[IP] 192.168.0.233 [Port] 0 [Flags] 2 [Guid] 987897814 [EditorId] 987897814 [Version] 1048832 [Id] WindowsEditor(7,DESKTOP-3D65R0U) [Debug] 1 [PackageName] WindowsEditor [ProjectName] Editor" joined multi-casting on [225.0.0.222:54997]...

Player connection [1904] Host "[IP] 192.168.0.233 [Port] 0 [Flags] 2 [Guid] 987897814 [EditorId] 987897814 [Version] 1048832 [Id] WindowsEditor(7,DESKTOP-3D65R0U) [Debug] 1 [PackageName] WindowsEditor [ProjectName] Editor" joined alternative multi-casting on [225.0.0.222:34997]...

Refreshing native plugins compatible for Editor in 37.41 ms, found 2 plugins.
Preloading 0 native plugins for Editor in 0.00 ms.
Initialize engine version: 2022.3.4f1 (35713cd46cd7)
[Subsystems] Discovering subsystems at path C:/Program Files/Unity/Hub/Editor/2022.3.4f1/Editor/Data/Resources/UnitySubsystems
[Subsystems] Discovering subsystems at path C:/Users/james/source/repos/Swashbucklers/Swashbucklers/Assets
GfxDevice: creating device client; threaded=0; jobified=0
Direct3D:
    Version:  Direct3D 11.0 [level 11.1]
    Renderer: NVIDIA GeForce RTX 3070 (ID=0x2484)
    Vendor:   NVIDIA
    VRAM:     8032 MB
    Driver:   31.0.15.3640
Initialize mono
Mono path[0] = 'C:/Program Files/Unity/Hub/Editor/2022.3.4f1/Editor/Data/Managed'
Mono path[1] = 'C:/Program Files/Unity/Hub/Editor/2022.3.4f1/Editor/Data/MonoBleedingEdge/lib/mono/unityjit-win32'
Mono config path = 'C:/Program Files/Unity/Hub/Editor/2022.3.4f1/Editor/Data/MonoBleedingEdge/etc'
Using monoOptions --debugger-agent=transport=dt_socket,embedding=1,server=y,suspend=n,address=127.0.0.1:56392
Begin MonoManager ReloadAssembly
Registering precompiled unity dll's ...
Register platform support module: C:/Program Files/Unity/Hub/Editor/2022.3.4f1/Editor/Data/PlaybackEngines/AndroidPlayer/UnityEditor.Android.Extensions.dll
Register platform support module: C:/Program Files/Unity/Hub/Editor/2022.3.4f1/Editor/Data/PlaybackEngines/iOSSupport/UnityEditor.iOS.Extensions.dll
Register platform support module: C:/Program Files/Unity/Hub/Editor/2022.3.4f1/Editor/Data/PlaybackEngines/WindowsStandaloneSupport/UnityEditor.WindowsStandalone.Extensions.dll
Registered in 0.013149 seconds.
- Loaded All Assemblies, in  0.520 seconds
Native extension for WindowsStandalone target not found
[usbmuxd] Start listen thread
[usbmuxd] Listen thread started
Native extension for iOS target not found
Native extension for Android target not found
Android Extension - Scanning For ADB Devices 440 ms
Mono: successfully reloaded assembly
- Finished resetting the current domain, in  0.898 seconds
Domain Reload Profiling: 1416ms
	BeginReloadAssembly (140ms)
		ExecutionOrderSort (0ms)
		DisableScriptedObjects (0ms)
		BackupInstance (0ms)
		ReleaseScriptingObjects (0ms)
		CreateAndSetChildDomain (1ms)
	RebuildCommonClasses (68ms)
	RebuildNativeTypeToScriptingClass (12ms)
	initialDomainReloadingComplete (82ms)
	LoadAllAssembliesAndSetupDomain (214ms)
		LoadAssemblies (138ms)
		RebuildTransferFunctionScriptingTraits (0ms)
		AnalyzeDomain (206ms)
			TypeCache.Refresh (205ms)
				TypeCache.ScanAssembly (188ms)
			ScanForSourceGeneratedMonoScriptInfo (0ms)
			ResolveRequiredComponents (1ms)
	FinalizeReload (899ms)
		ReleaseScriptCaches (0ms)
		RebuildScriptCaches (0ms)
		SetupLoadedEditorAssemblies (821ms)
			LogAssemblyErrors (0ms)
			InitializePlatformSupportModulesInManaged (622ms)
			SetLoadedEditorAssemblies (9ms)
			RefreshPlugins (0ms)
			BeforeProcessingInitializeOnLoad (3ms)
			ProcessInitializeOnLoadAttributes (125ms)
			ProcessInitializeOnLoadMethodAttributes (61ms)
			AfterProcessingInitializeOnLoad (0ms)
			EditorAssembliesLoaded (0ms)
		ExecutionOrderSort2 (0ms)
		AwakeInstancesAfterBackupRestoration (0ms)
========================================================================
Worker process is ready to serve import requests
Begin MonoManager ReloadAssembly
Symbol file LoadedFromMemory is not a mono symbol file
- Loaded All Assemblies, in  0.980 seconds
Refreshing native plugins compatible for Editor in 16.30 ms, found 2 plugins.
Native extension for WindowsStandalone target not found
Native extension for iOS target not found
Native extension for Android target not found
System.IO.IOException: Sharing violation on path C:\Users\james\source\repos\Swashbucklers\Swashbucklers\ProjectSettings\GvhProjectSettings.xml
  at System.IO.FileStream..ctor (System.String path, System.IO.FileMode mode, System.IO.FileAccess access, System.IO.FileShare share, System.Int32 bufferSize, System.Boolean anonymous, System.IO.FileOptions options) [0x0019e] in <605bf8b31fcb444b85176da963870aa7>:0 
  at System.IO.FileStream..ctor (System.String path, System.IO.FileMode mode, System.IO.FileAccess access, System.IO.FileShare share, System.Int32 bufferSize, System.IO.FileOptions options) [0x00000] in <605bf8b31fcb444b85176da963870aa7>:0 
  at (wrapper remoting-invoke-with-check) System.IO.FileStream..ctor(string,System.IO.FileMode,System.IO.FileAccess,System.IO.FileShare,int,System.IO.FileOptions)
  at System.IO.StreamReader..ctor (System.String path, System.Text.Encoding encoding, System.Boolean detectEncodingFromByteOrderMarks, System.Int32 bufferSize) [0x00055] in <605bf8b31fcb444b85176da963870aa7>:0 
  at System.IO.StreamReader..ctor (System.String path, System.Boolean detectEncodingFromByteOrderMarks) [0x00007] in <605bf8b31fcb444b85176da963870aa7>:0 
  at System.IO.StreamReader..ctor (System.String path) [0x00000] in <605bf8b31fcb444b85176da963870aa7>:0 
  at (wrapper remoting-invoke-with-check) System.IO.StreamReader..ctor(string)
  at Google.XmlUtilities.ParseXmlTextFileElements (System.String filename, Google.Logger logger, Google.XmlUtilities+ParseElement parseElement) [0x0000f] in Z:\tmp\tmp.0KXvGEk6fS\third_party\unity\unity_jar_resolver\source\VersionHandlerImpl\src\XmlUtilities.cs:104 
  at Google.ProjectSettings.Load () [0x00012] in Z:\tmp\tmp.0KXvGEk6fS\third_party\unity\unity_jar_resolver\source\VersionHandlerImpl\src\ProjectSettings.cs:777 
  at Google.ProjectSettings.LoadIfEmpty () [0x0001b] in Z:\tmp\tmp.0KXvGEk6fS\third_party\unity\unity_jar_resolver\source\VersionHandlerImpl\src\ProjectSettings.cs:558 
  at Google.ProjectSettings.GetBool (System.String name, System.Boolean defaultValue, Google.SettingsLocation location) [0x0002b] in Z:\tmp\tmp.0KXvGEk6fS\third_party\unity\unity_jar_resolver\source\VersionHandlerImpl\src\ProjectSettings.cs:606 
  at Google.ProjectSettings.GetBool (System.String name, System.Boolean defaultValue) [0x00000] in Z:\tmp\tmp.0KXvGEk6fS\third_party\unity\unity_jar_resolver\source\VersionHandlerImpl\src\ProjectSettings.cs:619 
  at Google.IOSResolver.get_VerboseLoggingEnabled () [0x00000] in Z:\tmp\tmp.50xVeteXzb\third_party\unity\unity_jar_resolver\source\IOSResolver\src\IOSResolver.cs:1038 
  at Google.IOSResolver..cctor () [0x00215] in Z:\tmp\tmp.50xVeteXzb\third_party\unity\unity_jar_resolver\source\IOSResolver\src\IOSResolver.cs:726 
UnityEngine.StackTraceUtility:ExtractStackTrace ()
UnityEngine.DebugLogHandler:LogFormat (UnityEngine.LogType,UnityEngine.Object,string,object[])
UnityEngine.Logger:Log (UnityEngine.LogType,object)
UnityEngine.Debug:LogError (object)
UnityEditor.EditorAssemblies:ProcessInitializeOnLoadAttributes (System.Type[])

Mono: successfully reloaded assembly
- Finished resetting the current domain, in  0.831 seconds
Domain Reload Profiling: 1806ms
	BeginReloadAssembly (166ms)
		ExecutionOrderSort (0ms)
		DisableScriptedObjects (6ms)
		BackupInstance (0ms)
		ReleaseScriptingObjects (0ms)
		CreateAndSetChildDomain (30ms)
	RebuildCommonClasses (38ms)
	RebuildNativeTypeToScriptingClass (11ms)
	initialDomainReloadingComplete (58ms)
	LoadAllAssembliesAndSetupDomain (702ms)
		LoadAssemblies (400ms)
		RebuildTransferFunctionScriptingTraits (0ms)
		AnalyzeDomain (374ms)
			TypeCache.Refresh (345ms)
				TypeCache.ScanAssembly (323ms)
			ScanForSourceGeneratedMonoScriptInfo (26ms)
			ResolveRequiredComponents (3ms)
	FinalizeReload (832ms)
		ReleaseScriptCaches (0ms)
		RebuildScriptCaches (0ms)
		SetupLoadedEditorAssemblies (621ms)
			LogAssemblyErrors (0ms)
			InitializePlatformSupportModulesInManaged (40ms)
			SetLoadedEditorAssemblies (4ms)
			RefreshPlugins (0ms)
			BeforeProcessingInitializeOnLoad (72ms)
			ProcessInitializeOnLoadAttributes (281ms)
			ProcessInitializeOnLoadMethodAttributes (216ms)
			AfterProcessingInitializeOnLoad (8ms)
			EditorAssembliesLoaded (0ms)
		ExecutionOrderSort2 (0ms)
		AwakeInstancesAfterBackupRestoration (7ms)
Launched and connected shader compiler UnityShaderCompiler.exe after 0.07 seconds
Refreshing native plugins compatible for Editor in 19.38 ms, found 2 plugins.
Preloading 0 native plugins for Editor in 0.00 ms.
Unloading 2573 Unused Serialized files (Serialized files now loaded: 0)
Unloading 79 unused Assets / (75.7 KB). Loaded Objects now: 3046.
Memory consumption went from 129.8 MB to 129.7 MB.
Total: 8.697000 ms (FindLiveObjects: 0.363700 ms CreateObjectMapping: 0.375400 ms MarkObjects: 7.801300 ms  DeleteObjects: 0.155300 ms)

AssetImportParameters requested are different than current active one (requested -> active):
  custom:video-decoder-webm-vp8: 9c59270c3fd7afecdb556c50c9e8de78 -> 
  custom:container-demuxer-ogg: 62fdf1f143b41e24485cea50d1cbac27 -> 
  custom:AudioImporter_EditorPlatform: d09bf68614088b80899f8185d706f6e7 -> 
  custom:video-decoder-ogg-theora: a1e56fd34408186e4bbccfd4996cb3dc -> 
  custom:framework-win-MediaFoundation: 216162199b28c13a410421893ffa2e32 -> 
  custom:video-encoder-webm-vp8: eb34c28f22e8b96e1ab97ce403110664 -> 
  custom:audio-decoder-ogg-vorbis: bf7c407c2cedff20999df2af8eb42d56 -> 
  custom:CustomObjectIndexerAttribute: 756ad292c208cfabdd7b50bc23989ffe -> 
  custom:container-demuxer-webm: 4f35f7cbe854078d1ac9338744f61a02 -> 
  custom:audio-encoder-webm-vorbis: bf7c407c2cedff20999df2af8eb42d56 -> 
  custom:container-muxer-webm: aa71ff27fc2769a1b78a27578f13a17b -> 
========================================================================
Received Import Request.
  Time since last request: 383979.679400 seconds.
  path: Assets/Skill_Icon_Pack/blue/blue_27.PNG
  artifactKey: Guid(d12bdefbd973ce9438ccf1216f13c2e8) Importer(815301076,1909f56bfc062723c751e8b465ee728b)
Start importing Assets/Skill_Icon_Pack/blue/blue_27.PNG using Guid(d12bdefbd973ce9438ccf1216f13c2e8) Importer(815301076,1909f56bfc062723c751e8b465ee728b)  -> (artifact id: '9e167061ef2ea6946c9519e3ce8873b2') in 0.111558 seconds
Number of updated asset objects reloaded before import = 0
Number of asset objects unloaded after import = 3
========================================================================
Received Import Request.
  Time since last request: 0.000043 seconds.
  path: Assets/Skill_Icon_Pack/blue/blue_20.PNG
  artifactKey: Guid(f0b12383c1012d244a4d6052d95ff544) Importer(815301076,1909f56bfc062723c751e8b465ee728b)
Start importing Assets/Skill_Icon_Pack/blue/blue_20.PNG using Guid(f0b12383c1012d244a4d6052d95ff544) Importer(815301076,1909f56bfc062723c751e8b465ee728b)  -> (artifact id: '30d2f794d32aea9c88fc59d9fe001776') in 0.037757 seconds
Number of updated asset objects reloaded before import = 0
Number of asset objects unloaded after import = 3
========================================================================
Received Import Request.
  Time since last request: 0.000078 seconds.
  path: Assets/Skill_Icon_Pack/blue/blue_05.png
  artifactKey: Guid(b11dd09ca2abbcf40beb63659f1a7994) Importer(815301076,1909f56bfc062723c751e8b465ee728b)
Start importing Assets/Skill_Icon_Pack/blue/blue_05.png using Guid(b11dd09ca2abbcf40beb63659f1a7994) Importer(815301076,1909f56bfc062723c751e8b465ee728b)  -> (artifact id: '1af87775d1991219e032a4e94cff215d') in 0.035545 seconds
Number of updated asset objects reloaded before import = 0
Number of asset objects unloaded after import = 3
========================================================================
Received Import Request.
  Time since last request: 0.000017 seconds.
  path: Assets/Skill_Icon_Pack/blue/blue_07.png
  artifactKey: Guid(8f1f8ebb9bb77f146abd4bfee7fc7ef3) Importer(815301076,1909f56bfc062723c751e8b465ee728b)
Start importing Assets/Skill_Icon_Pack/blue/blue_07.png using Guid(8f1f8ebb9bb77f146abd4bfee7fc7ef3) Importer(815301076,1909f56bfc062723c751e8b465ee728b)  -> (artifact id: '5cf00000a2e9f4a9c631e4523d956731') in 0.024817 seconds
Number of updated asset objects reloaded before import = 0
Number of asset objects unloaded after import = 3
========================================================================
Received Import Request.
  Time since last request: 0.000024 seconds.
  path: Assets/Skill_Icon_Pack/blue
  artifactKey: Guid(a296e256368ccd447b82d1eb3e6b3c7a) Importer(815301076,1909f56bfc062723c751e8b465ee728b)
Start importing Assets/Skill_Icon_Pack/blue using Guid(a296e256368ccd447b82d1eb3e6b3c7a) Importer(815301076,1909f56bfc062723c751e8b465ee728b)  -> (artifact id: '8a735268af9521e0296035f04bdee071') in 0.000731 seconds
Number of updated asset objects reloaded before import = 0
Number of asset objects unloaded after import = 0
========================================================================
Received Import Request.
  Time since last request: 0.000021 seconds.
  path: Assets/Skill_Icon_Pack/blue/blue_10.PNG
  artifactKey: Guid(b3101eb06ea64ba43a6a7edb65769638) Importer(815301076,1909f56bfc062723c751e8b465ee728b)
Start importing Assets/Skill_Icon_Pack/blue/blue_10.PNG using Guid(b3101eb06ea64ba43a6a7edb65769638) Importer(815301076,1909f56bfc062723c751e8b465ee728b)  -> (artifact id: '54b607269e96fb94f0cc76357c799684') in 0.029159 seconds
Number of updated asset objects reloaded before import = 0
Number of asset objects unloaded after import = 3
========================================================================
Received Import Request.
  Time since last request: 0.000022 seconds.
  path: Assets/Skill_Icon_Pack/blue/blue_33.PNG
  artifactKey: Guid(88a0f7654433e0e4db390d3483f962b0) Importer(815301076,1909f56bfc062723c751e8b465ee728b)
Start importing Assets/Skill_Icon_Pack/blue/blue_33.PNG using Guid(88a0f7654433e0e4db390d3483f962b0) Importer(815301076,1909f56bfc062723c751e8b465ee728b)  -> (artifact id: '6d00f53a9d9f9d42dc337ad6e2785e08') in 0.023633 seconds
Number of updated asset objects reloaded before import = 0
Number of asset objects unloaded after import = 3
========================================================================
Received Import Request.
  Time since last request: 0.000018 seconds.
  path: Assets/Skill_Icon_Pack/blue/blue_12.png
  artifactKey: Guid(b62cb01534430794f8312234b878cada) Importer(815301076,1909f56bfc062723c751e8b465ee728b)
Start importing Assets/Skill_Icon_Pack/blue/blue_12.png using Guid(b62cb01534430794f8312234b878cada) Importer(815301076,1909f56bfc062723c751e8b465ee728b)  -> (artifact id: '01816759e43e8bd18dcc488d9bf09fd6') in 0.049792 seconds
Number of updated asset objects reloaded before import = 0
Number of asset objects unloaded after import = 3
========================================================================
Received Import Request.
  Time since last request: 0.000144 seconds.
  path: Assets/Skill_Icon_Pack/blue/blue_31.PNG
  artifactKey: Guid(3630b934c73c88b4891599555104f6d2) Importer(815301076,1909f56bfc062723c751e8b465ee728b)
Start importing Assets/Skill_Icon_Pack/blue/blue_31.PNG using Guid(3630b934c73c88b4891599555104f6d2) Importer(815301076,1909f56bfc062723c751e8b465ee728b)  -> (artifact id: 'e0fb78c6eb54915fcfbacda9db99bb9c') in 0.031400 seconds
Number of updated asset objects reloaded before import = 0
Number of asset objects unloaded after import = 3
========================================================================
Received Import Request.
  Time since last request: 0.000016 seconds.
  path: Assets/Skill_Icon_Pack/blue/blue_11.PNG
  artifactKey: Guid(cd5d17fb892d2a141800c8f383b4db64) Importer(815301076,1909f56bfc062723c751e8b465ee728b)
Start importing Assets/Skill_Icon_Pack/blue/blue_11.PNG using Guid(cd5d17fb892d2a141800c8f383b4db64) Importer(815301076,1909f56bfc062723c751e8b465ee728b)  -> (artifact id: 'c0e0499aee3b390324884691e6a2456d') in 0.032476 seconds
Number of updated asset objects reloaded before import = 0
Number of asset objects unloaded after import = 3
========================================================================
Received Import Request.
  Time since last request: 0.000016 seconds.
  path: Assets/Skill_Icon_Pack/blue/blue_29.PNG
  artifactKey: Guid(3c010b5399731a54987d91fd9f471047) Importer(815301076,1909f56bfc062723c751e8b465ee728b)
Start importing Assets/Skill_Icon_Pack/blue/blue_29.PNG using Guid(3c010b5399731a54987d91fd9f471047) Importer(815301076,1909f56bfc062723c751e8b465ee728b)  -> (artifact id: 'bf3f45a8da7a3abd7da9cec0529e14cb') in 0.134700 seconds
Number of updated asset objects reloaded before import = 0
Number of asset objects unloaded after import = 3
========================================================================
Received Import Request.
  Time since last request: 0.002074 seconds.
  path: Assets/Skill_Icon_Pack/blue/blue_17.png
  artifactKey: Guid(a22b393e9be014540b79b0fbd360171e) Importer(815301076,1909f56bfc062723c751e8b465ee728b)
Start importing Assets/Skill_Icon_Pack/blue/blue_17.png using Guid(a22b393e9be014540b79b0fbd360171e) Importer(815301076,1909f56bfc062723c751e8b465ee728b)  -> (artifact id: 'a78ea56e78137d9f976f6660adccea06') in 0.075024 seconds
Number of updated asset objects reloaded before import = 0
Number of asset objects unloaded after import = 3
========================================================================
Received Import Request.
  Time since last request: 0.000021 seconds.
  path: Assets/Skill_Icon_Pack/blue/blue_19.PNG
  artifactKey: Guid(2a317f9242199be4b827168f533e808a) Importer(815301076,1909f56bfc062723c751e8b465ee728b)
Start importing Assets/Skill_Icon_Pack/blue/blue_19.PNG using Guid(2a317f9242199be4b827168f533e808a) Importer(815301076,1909f56bfc062723c751e8b465ee728b)  -> (artifact id: 'e4710681d5ac10b0eb152f9bc6cdf9d8') in 0.034477 seconds
Number of updated asset objects reloaded before import = 0
Number of asset objects unloaded after import = 3
========================================================================
Received Import Request.
  Time since last request: 0.000028 seconds.
  path: Assets/Skill_Icon_Pack/blue/blue_22.PNG
  artifactKey: Guid(4ad544563c489bc45a76d962f9bb17a0) Importer(815301076,1909f56bfc062723c751e8b465ee728b)
Start importing Assets/Skill_Icon_Pack/blue/blue_22.PNG using Guid(4ad544563c489bc45a76d962f9bb17a0) Importer(815301076,1909f56bfc062723c751e8b465ee728b)  -> (artifact id: 'a8ab046c66fdac297b293671c49c34f9') in 0.038442 seconds
Number of updated asset objects reloaded before import = 0
Number of asset objects unloaded after import = 3
========================================================================
Received Import Request.
  Time since last request: 10.160232 seconds.
  path: Assets/Skill_Icon_Pack/addons/addon_02.png
  artifactKey: Guid(63b129cafd9848246ae032f52423d19e) Importer(815301076,1909f56bfc062723c751e8b465ee728b)
Start importing Assets/Skill_Icon_Pack/addons/addon_02.png using Guid(63b129cafd9848246ae032f52423d19e) Importer(815301076,1909f56bfc062723c751e8b465ee728b)  -> (artifact id: '70eb4ce42f06593325a7ce538eb17765') in 0.017276 seconds
Number of updated asset objects reloaded before import = 0
Number of asset objects unloaded after import = 3
========================================================================
Received Import Request.
  Time since last request: 0.000023 seconds.
  path: Assets/Skill_Icon_Pack/addons/addon_05.PNG
  artifactKey: Guid(ab0d206558b917f4dbabee838185c5e6) Importer(815301076,1909f56bfc062723c751e8b465ee728b)
Start importing Assets/Skill_Icon_Pack/addons/addon_05.PNG using Guid(ab0d206558b917f4dbabee838185c5e6) Importer(815301076,1909f56bfc062723c751e8b465ee728b)  -> (artifact id: '1f7f569ab42f8009b6b2896b623a7c6f') in 0.021376 seconds
Number of updated asset objects reloaded before import = 0
Number of asset objects unloaded after import = 3
========================================================================
Received Import Request.
  Time since last request: 0.000013 seconds.
  path: Assets/Skill_Icon_Pack/addons/addon_09.PNG
  artifactKey: Guid(422515290f7b4ec4facd437155751b8b) Importer(815301076,1909f56bfc062723c751e8b465ee728b)
Start importing Assets/Skill_Icon_Pack/addons/addon_09.PNG using Guid(422515290f7b4ec4facd437155751b8b) Importer(815301076,1909f56bfc062723c751e8b465ee728b)  -> (artifact id: '8dff28640d2ae09f4953276ae383cd80') in 0.019863 seconds
Number of updated asset objects reloaded before import = 0
Number of asset objects unloaded after import = 3
========================================================================
Received Import Request.
  Time since last request: 0.000022 seconds.
  path: Assets/Skill_Icon_Pack/addons/addon_13.png
  artifactKey: Guid(b07b67ea5d220e342a867c85596efa8d) Importer(815301076,1909f56bfc062723c751e8b465ee728b)
Start importing Assets/Skill_Icon_Pack/addons/addon_13.png using Guid(b07b67ea5d220e342a867c85596efa8d) Importer(815301076,1909f56bfc062723c751e8b465ee728b)  -> (artifact id: 'f85a645b010a701984072ac83242c2ae') in 0.025591 seconds
Number of updated asset objects reloaded before import = 0
Number of asset objects unloaded after import = 3
========================================================================
Received Import Request.
  Time since last request: 0.000029 seconds.
  path: Assets/Skill_Icon_Pack/addons/addon_11.png
  artifactKey: Guid(f0b818252f806cd4bbae3e910a4dfc00) Importer(815301076,1909f56bfc062723c751e8b465ee728b)
Start importing Assets/Skill_Icon_Pack/addons/addon_11.png using Guid(f0b818252f806cd4bbae3e910a4dfc00) Importer(815301076,1909f56bfc062723c751e8b465ee728b)  -> (artifact id: '9f3a603de8e4b77dfc707cf0c1713765') in 0.023567 seconds
Number of updated asset objects reloaded before import = 0
Number of asset objects unloaded after import = 3
========================================================================
Received Import Request.
  Time since last request: 0.000013 seconds.
  path: Assets/Skill_Icon_Pack/addons/addon_20.PNG
  artifactKey: Guid(b368f00d0b8fd1940967ea22f93e77ca) Importer(815301076,1909f56bfc062723c751e8b465ee728b)
Start importing Assets/Skill_Icon_Pack/addons/addon_20.PNG using Guid(b368f00d0b8fd1940967ea22f93e77ca) Importer(815301076,1909f56bfc062723c751e8b465ee728b)  -> (artifact id: '0dcf62ef001db68c98c9d68158eb3d56') in 0.021601 seconds
Number of updated asset objects reloaded before import = 0
Number of asset objects unloaded after import = 3
========================================================================
Received Import Request.
  Time since last request: 0.000019 seconds.
  path: Assets/Skill_Icon_Pack/addons/addon_23.PNG
  artifactKey: Guid(99256c0d51fe9044580ebed81dcc9841) Importer(815301076,1909f56bfc062723c751e8b465ee728b)
Start importing Assets/Skill_Icon_Pack/addons/addon_23.PNG using Guid(99256c0d51fe9044580ebed81dcc9841) Importer(815301076,1909f56bfc062723c751e8b465ee728b)  -> (artifact id: '6d918c1151cff53aa38b0fef46ca5fdf') in 0.020958 seconds
Number of updated asset objects reloaded before import = 0
Number of asset objects unloaded after import = 3
========================================================================
Received Import Request.
  Time since last request: 0.000020 seconds.
  path: Assets/Skill_Icon_Pack/addons/addon_29.png
  artifactKey: Guid(3378651518ad36047bbd74225e23c232) Importer(815301076,1909f56bfc062723c751e8b465ee728b)
Start importing Assets/Skill_Icon_Pack/addons/addon_29.png using Guid(3378651518ad36047bbd74225e23c232) Importer(815301076,1909f56bfc062723c751e8b465ee728b)  -> (artifact id: '2b3e852330cb7049b0eaa87ae7f64fb2') in 0.022612 seconds
Number of updated asset objects reloaded before import = 0
Number of asset objects unloaded after import = 3
========================================================================
Received Import Request.
  Time since last request: 0.000019 seconds.
  path: Assets/Skill_Icon_Pack/addons/addon_33.png
  artifactKey: Guid(de16db7f223a6ad40a5f2851cc4ccc48) Importer(815301076,1909f56bfc062723c751e8b465ee728b)
Start importing Assets/Skill_Icon_Pack/addons/addon_33.png using Guid(de16db7f223a6ad40a5f2851cc4ccc48) Importer(815301076,1909f56bfc062723c751e8b465ee728b)  -> (artifact id: '0622315012fdb9e8934a2e521947a9a5') in 0.021102 seconds
Number of updated asset objects reloaded before import = 0
Number of asset objects unloaded after import = 3
========================================================================
Received Import Request.
  Time since last request: 0.000027 seconds.
  path: Assets/Skill_Icon_Pack/addons/addon_37.png
  artifactKey: Guid(0bebf3157f4337d4c8ac1965d64cc170) Importer(815301076,1909f56bfc062723c751e8b465ee728b)
Start importing Assets/Skill_Icon_Pack/addons/addon_37.png using Guid(0bebf3157f4337d4c8ac1965d64cc170) Importer(815301076,1909f56bfc062723c751e8b465ee728b)  -> (artifact id: '099d5cb080bfc64392a18136271648d3') in 0.017751 seconds
Number of updated asset objects reloaded before import = 0
Number of asset objects unloaded after import = 3
========================================================================
Received Import Request.
  Time since last request: 0.000041 seconds.
  path: Assets/Skill_Icon_Pack/addons/addon_40.png
  artifactKey: Guid(9dc8455dd4933924697624615915dcc1) Importer(815301076,1909f56bfc062723c751e8b465ee728b)
Start importing Assets/Skill_Icon_Pack/addons/addon_40.png using Guid(9dc8455dd4933924697624615915dcc1) Importer(815301076,1909f56bfc062723c751e8b465ee728b)  -> (artifact id: '7093619159851eb6885f75e6104c4d13') in 0.022694 seconds
Number of updated asset objects reloaded before import = 0
Number of asset objects unloaded after import = 3
========================================================================
Received Import Request.
  Time since last request: 0.000017 seconds.
  path: Assets/Skill_Icon_Pack/addons/addon_14.png
  artifactKey: Guid(1e11e581621c19841b5f2b2faa11ef28) Importer(815301076,1909f56bfc062723c751e8b465ee728b)
Start importing Assets/Skill_Icon_Pack/addons/addon_14.png using Guid(1e11e581621c19841b5f2b2faa11ef28) Importer(815301076,1909f56bfc062723c751e8b465ee728b)  -> (artifact id: '3b56eb56cc5b788d25f46a9786c08cc6') in 0.022188 seconds
Number of updated asset objects reloaded before import = 0
Number of asset objects unloaded after import = 3
========================================================================
Received Import Request.
  Time since last request: 0.000015 seconds.
  path: Assets/Skill_Icon_Pack/addons/addon_28.png
  artifactKey: Guid(b5cc32d4ed1d6bf46b23edf0fe01f078) Importer(815301076,1909f56bfc062723c751e8b465ee728b)
Start importing Assets/Skill_Icon_Pack/addons/addon_28.png using Guid(b5cc32d4ed1d6bf46b23edf0fe01f078) Importer(815301076,1909f56bfc062723c751e8b465ee728b)  -> (artifact id: '15e434a55d8152986b0ac600de1d67a9') in 0.036008 seconds
Number of updated asset objects reloaded before import = 0
Number of asset objects unloaded after import = 3
Editor requested this worker to shutdown with reason: Scaling down because of idle timeout
TcpMessagingSession - receive error: operation aborted. errorcode: 995, details: The I/O operation has been aborted because of either a thread exit or an application request.
AssetImportWorker is now disconnected from the server
Process exiting
Exiting without the bug reporter. Application will terminate with return code 0