Using pre-set license
Built from '2022.3/staging' branch; Version is '2022.3.4f1 (35713cd46cd7) revision 3502396'; Using compiler version '192829333'; Build Type 'Release'
OS: 'Windows 11  (10.0.22621) 64bit Professional' Language: 'en' Physical Memory: 16303 MB
BatchMode: 1, IsHumanControllingUs: 0, StartBugReporterOnCrash: 0, Is64bit: 1, IsPro: 1

COMMAND LINE ARGUMENTS:
C:\Program Files\Unity\Hub\Editor\2022.3.4f1\Editor\Unity.exe
-adb2
-batchMode
-noUpm
-name
AssetImportWorker10
-projectPath
C:/Users/james/source/repos/Swashbucklers/Swashbucklers
-logFile
Logs/AssetImportWorker10.log
-srvPort
50134
Successfully changed project path to: C:/Users/james/source/repos/Swashbucklers/Swashbucklers
C:/Users/james/source/repos/Swashbucklers/Swashbucklers
[UnityMemory] Configuration Parameters - Can be set up in boot.config
    "memorysetup-bucket-allocator-granularity=16"
    "memorysetup-bucket-allocator-bucket-count=8"
    "memorysetup-bucket-allocator-block-size=33554432"
    "memorysetup-bucket-allocator-block-count=8"
    "memorysetup-main-allocator-block-size=16777216"
    "memorysetup-thread-allocator-block-size=16777216"
    "memorysetup-gfx-main-allocator-block-size=16777216"
    "memorysetup-gfx-thread-allocator-block-size=16777216"
    "memorysetup-cache-allocator-block-size=4194304"
    "memorysetup-typetree-allocator-block-size=2097152"
    "memorysetup-profiler-bucket-allocator-granularity=16"
    "memorysetup-profiler-bucket-allocator-bucket-count=8"
    "memorysetup-profiler-bucket-allocator-block-size=33554432"
    "memorysetup-profiler-bucket-allocator-block-count=8"
    "memorysetup-profiler-allocator-block-size=16777216"
    "memorysetup-profiler-editor-allocator-block-size=1048576"
    "memorysetup-temp-allocator-size-main=16777216"
    "memorysetup-job-temp-allocator-block-size=2097152"
    "memorysetup-job-temp-allocator-block-size-background=1048576"
    "memorysetup-job-temp-allocator-reduction-small-platforms=262144"
    "memorysetup-allocator-temp-initial-block-size-main=262144"
    "memorysetup-allocator-temp-initial-block-size-worker=262144"
    "memorysetup-temp-allocator-size-background-worker=32768"
    "memorysetup-temp-allocator-size-job-worker=262144"
    "memorysetup-temp-allocator-size-preload-manager=33554432"
    "memorysetup-temp-allocator-size-nav-mesh-worker=65536"
    "memorysetup-temp-allocator-size-audio-worker=65536"
    "memorysetup-temp-allocator-size-cloud-worker=32768"
    "memorysetup-temp-allocator-size-gi-baking-worker=262144"
    "memorysetup-temp-allocator-size-gfx=262144"
Player connection [40712] Host "[IP] 192.168.0.233 [Port] 0 [Flags] 2 [Guid] 3080788719 [EditorId] 3080788719 [Version] 1048832 [Id] WindowsEditor(7,DESKTOP-3D65R0U) [Debug] 1 [PackageName] WindowsEditor [ProjectName] Editor" joined multi-casting on [225.0.0.222:54997]...

Player connection [40712] Host "[IP] 192.168.0.233 [Port] 0 [Flags] 2 [Guid] 3080788719 [EditorId] 3080788719 [Version] 1048832 [Id] WindowsEditor(7,DESKTOP-3D65R0U) [Debug] 1 [PackageName] WindowsEditor [ProjectName] Editor" joined alternative multi-casting on [225.0.0.222:34997]...

Refreshing native plugins compatible for Editor in 20.46 ms, found 2 plugins.
Preloading 0 native plugins for Editor in 0.00 ms.
Initialize engine version: 2022.3.4f1 (35713cd46cd7)
[Subsystems] Discovering subsystems at path C:/Program Files/Unity/Hub/Editor/2022.3.4f1/Editor/Data/Resources/UnitySubsystems
[Subsystems] Discovering subsystems at path C:/Users/james/source/repos/Swashbucklers/Swashbucklers/Assets
GfxDevice: creating device client; threaded=0; jobified=0
Direct3D:
    Version:  Direct3D 11.0 [level 11.1]
    Renderer: NVIDIA GeForce RTX 3070 (ID=0x2484)
    Vendor:   NVIDIA
    VRAM:     8032 MB
    Driver:   31.0.15.3640
Initialize mono
Mono path[0] = 'C:/Program Files/Unity/Hub/Editor/2022.3.4f1/Editor/Data/Managed'
Mono path[1] = 'C:/Program Files/Unity/Hub/Editor/2022.3.4f1/Editor/Data/MonoBleedingEdge/lib/mono/unityjit-win32'
Mono config path = 'C:/Program Files/Unity/Hub/Editor/2022.3.4f1/Editor/Data/MonoBleedingEdge/etc'
Using monoOptions --debugger-agent=transport=dt_socket,embedding=1,server=y,suspend=n,address=127.0.0.1:56364
Begin MonoManager ReloadAssembly
Registering precompiled unity dll's ...
Register platform support module: C:/Program Files/Unity/Hub/Editor/2022.3.4f1/Editor/Data/PlaybackEngines/AndroidPlayer/UnityEditor.Android.Extensions.dll
Register platform support module: C:/Program Files/Unity/Hub/Editor/2022.3.4f1/Editor/Data/PlaybackEngines/iOSSupport/UnityEditor.iOS.Extensions.dll
Register platform support module: C:/Program Files/Unity/Hub/Editor/2022.3.4f1/Editor/Data/PlaybackEngines/WindowsStandaloneSupport/UnityEditor.WindowsStandalone.Extensions.dll
Registered in 0.009371 seconds.
- Loaded All Assemblies, in  0.331 seconds
Native extension for WindowsStandalone target not found
[usbmuxd] Start listen thread
[usbmuxd] Listen thread started
Native extension for iOS target not found
Native extension for Android target not found
Android Extension - Scanning For ADB Devices 306 ms
Mono: successfully reloaded assembly
- Finished resetting the current domain, in  0.623 seconds
Domain Reload Profiling: 953ms
	BeginReloadAssembly (84ms)
		ExecutionOrderSort (0ms)
		DisableScriptedObjects (0ms)
		BackupInstance (0ms)
		ReleaseScriptingObjects (0ms)
		CreateAndSetChildDomain (1ms)
	RebuildCommonClasses (33ms)
	RebuildNativeTypeToScriptingClass (10ms)
	initialDomainReloadingComplete (59ms)
	LoadAllAssembliesAndSetupDomain (143ms)
		LoadAssemblies (83ms)
		RebuildTransferFunctionScriptingTraits (0ms)
		AnalyzeDomain (137ms)
			TypeCache.Refresh (136ms)
				TypeCache.ScanAssembly (125ms)
			ScanForSourceGeneratedMonoScriptInfo (0ms)
			ResolveRequiredComponents (0ms)
	FinalizeReload (623ms)
		ReleaseScriptCaches (0ms)
		RebuildScriptCaches (0ms)
		SetupLoadedEditorAssemblies (569ms)
			LogAssemblyErrors (0ms)
			InitializePlatformSupportModulesInManaged (429ms)
			SetLoadedEditorAssemblies (4ms)
			RefreshPlugins (0ms)
			BeforeProcessingInitializeOnLoad (2ms)
			ProcessInitializeOnLoadAttributes (92ms)
			ProcessInitializeOnLoadMethodAttributes (42ms)
			AfterProcessingInitializeOnLoad (0ms)
			EditorAssembliesLoaded (0ms)
		ExecutionOrderSort2 (0ms)
		AwakeInstancesAfterBackupRestoration (0ms)
========================================================================
Worker process is ready to serve import requests
Begin MonoManager ReloadAssembly
Symbol file LoadedFromMemory is not a mono symbol file
- Loaded All Assemblies, in  0.666 seconds
Refreshing native plugins compatible for Editor in 11.45 ms, found 2 plugins.
Native extension for WindowsStandalone target not found
Native extension for iOS target not found
Native extension for Android target not found
Mono: successfully reloaded assembly
- Finished resetting the current domain, in  0.668 seconds
Domain Reload Profiling: 1330ms
	BeginReloadAssembly (117ms)
		ExecutionOrderSort (0ms)
		DisableScriptedObjects (5ms)
		BackupInstance (0ms)
		ReleaseScriptingObjects (0ms)
		CreateAndSetChildDomain (19ms)
	RebuildCommonClasses (32ms)
	RebuildNativeTypeToScriptingClass (10ms)
	initialDomainReloadingComplete (44ms)
	LoadAllAssembliesAndSetupDomain (459ms)
		LoadAssemblies (272ms)
		RebuildTransferFunctionScriptingTraits (0ms)
		AnalyzeDomain (241ms)
			TypeCache.Refresh (219ms)
				TypeCache.ScanAssembly (204ms)
			ScanForSourceGeneratedMonoScriptInfo (18ms)
			ResolveRequiredComponents (4ms)
	FinalizeReload (668ms)
		ReleaseScriptCaches (0ms)
		RebuildScriptCaches (0ms)
		SetupLoadedEditorAssemblies (510ms)
			LogAssemblyErrors (0ms)
			InitializePlatformSupportModulesInManaged (39ms)
			SetLoadedEditorAssemblies (6ms)
			RefreshPlugins (0ms)
			BeforeProcessingInitializeOnLoad (63ms)
			ProcessInitializeOnLoadAttributes (240ms)
			ProcessInitializeOnLoadMethodAttributes (155ms)
			AfterProcessingInitializeOnLoad (6ms)
			EditorAssembliesLoaded (0ms)
		ExecutionOrderSort2 (0ms)
		AwakeInstancesAfterBackupRestoration (6ms)
Launched and connected shader compiler UnityShaderCompiler.exe after 0.04 seconds
Refreshing native plugins compatible for Editor in 13.44 ms, found 2 plugins.
Preloading 0 native plugins for Editor in 0.00 ms.
Unloading 2573 Unused Serialized files (Serialized files now loaded: 0)
Unloading 79 unused Assets / (75.1 KB). Loaded Objects now: 3046.
Memory consumption went from 129.6 MB to 129.5 MB.
Total: 6.653700 ms (FindLiveObjects: 0.303300 ms CreateObjectMapping: 0.279900 ms MarkObjects: 5.874900 ms  DeleteObjects: 0.194000 ms)

AssetImportParameters requested are different than current active one (requested -> active):
  custom:video-decoder-webm-vp8: 9c59270c3fd7afecdb556c50c9e8de78 -> 
  custom:container-demuxer-ogg: 62fdf1f143b41e24485cea50d1cbac27 -> 
  custom:AudioImporter_EditorPlatform: d09bf68614088b80899f8185d706f6e7 -> 
  custom:scripting/monoscript/fileName/Banner.cs: 2873c7e73557b65716391d8a71aee8ca -> 46f537e017751fb6266902775f37c3dc
  custom:video-decoder-ogg-theora: a1e56fd34408186e4bbccfd4996cb3dc -> 
  custom:framework-win-MediaFoundation: 216162199b28c13a410421893ffa2e32 -> 
  custom:scripting/monoscript/fileName/Market.cs: f4341417df12791115fb63586dd57e91 -> 5054a23f2a32fab9e89022de6ada719e
  custom:video-encoder-webm-vp8: eb34c28f22e8b96e1ab97ce403110664 -> 
  custom:audio-decoder-ogg-vorbis: bf7c407c2cedff20999df2af8eb42d56 -> 
  custom:CustomObjectIndexerAttribute: 756ad292c208cfabdd7b50bc23989ffe -> 
  custom:container-demuxer-webm: 4f35f7cbe854078d1ac9338744f61a02 -> 
  custom:audio-encoder-webm-vorbis: bf7c407c2cedff20999df2af8eb42d56 -> 
  custom:container-muxer-webm: aa71ff27fc2769a1b78a27578f13a17b -> 
========================================================================
Received Import Request.
  Time since last request: 378768.782445 seconds.
  path: Assets/TradingIcons/TradingIcons_t/TradingIcons_02_t.png
  artifactKey: Guid(ff6280a721e695649a5424097c593455) Importer(815301076,1909f56bfc062723c751e8b465ee728b)
Start importing Assets/TradingIcons/TradingIcons_t/TradingIcons_02_t.png using Guid(ff6280a721e695649a5424097c593455) Importer(815301076,1909f56bfc062723c751e8b465ee728b)  -> (artifact id: '12baf7966e2188eb83b20d6ea671aac4') in 0.098773 seconds
Number of updated asset objects reloaded before import = 0
Number of asset objects unloaded after import = 3
========================================================================
Received Import Request.
  Time since last request: 0.000020 seconds.
  path: Assets/TradingIcons/TradingIcons_t/TradingIcons_70_t.png
  artifactKey: Guid(94e5a133d6ad7d947aa902f54836b83c) Importer(815301076,1909f56bfc062723c751e8b465ee728b)
Start importing Assets/TradingIcons/TradingIcons_t/TradingIcons_70_t.png using Guid(94e5a133d6ad7d947aa902f54836b83c) Importer(815301076,1909f56bfc062723c751e8b465ee728b)  -> (artifact id: '8f4fdd957dc7c20177c19e42716af741') in 0.023275 seconds
Number of updated asset objects reloaded before import = 0
Number of asset objects unloaded after import = 3
========================================================================
Received Import Request.
  Time since last request: 0.000029 seconds.
  path: Assets/TradingIcons/TradingIcons_t/TradingIcons_44_t.png
  artifactKey: Guid(26bf1649750d9004f9eee6c98a48c1bb) Importer(815301076,1909f56bfc062723c751e8b465ee728b)
Start importing Assets/TradingIcons/TradingIcons_t/TradingIcons_44_t.png using Guid(26bf1649750d9004f9eee6c98a48c1bb) Importer(815301076,1909f56bfc062723c751e8b465ee728b)  -> (artifact id: 'f447555d26e7473f40a56971c3c95772') in 0.021243 seconds
Number of updated asset objects reloaded before import = 0
Number of asset objects unloaded after import = 3
========================================================================
Received Import Request.
  Time since last request: 0.000024 seconds.
  path: Assets/TradingIcons/TradingIcons_t/TradingIcons_08_t.png
  artifactKey: Guid(f84c0f6697f4ac345823ea1cf508356f) Importer(815301076,1909f56bfc062723c751e8b465ee728b)
Start importing Assets/TradingIcons/TradingIcons_t/TradingIcons_08_t.png using Guid(f84c0f6697f4ac345823ea1cf508356f) Importer(815301076,1909f56bfc062723c751e8b465ee728b)  -> (artifact id: '0ab4d2c45b7c3b71ea2553e1e81b7c40') in 0.020505 seconds
Number of updated asset objects reloaded before import = 0
Number of asset objects unloaded after import = 3
========================================================================
Received Import Request.
  Time since last request: 0.000015 seconds.
  path: Assets/TradingIcons/TradingIcons_t/TradingIcons_55_t.png
  artifactKey: Guid(a243a06bf20f6bf418548bb6aff6883e) Importer(815301076,1909f56bfc062723c751e8b465ee728b)
Start importing Assets/TradingIcons/TradingIcons_t/TradingIcons_55_t.png using Guid(a243a06bf20f6bf418548bb6aff6883e) Importer(815301076,1909f56bfc062723c751e8b465ee728b)  -> (artifact id: 'e8379eb0a24c9df9c645c4ceada56f9a') in 0.021588 seconds
Number of updated asset objects reloaded before import = 0
Number of asset objects unloaded after import = 3
========================================================================
Received Import Request.
  Time since last request: 0.000017 seconds.
  path: Assets/TradingIcons/TradingIcons_t/TradingIcons_53_t.png
  artifactKey: Guid(243076cc294585e40876704ccd2cc158) Importer(815301076,1909f56bfc062723c751e8b465ee728b)
Start importing Assets/TradingIcons/TradingIcons_t/TradingIcons_53_t.png using Guid(243076cc294585e40876704ccd2cc158) Importer(815301076,1909f56bfc062723c751e8b465ee728b)  -> (artifact id: '86bb7553949dda50efa3740e976482eb') in 0.019651 seconds
Number of updated asset objects reloaded before import = 0
Number of asset objects unloaded after import = 3
========================================================================
Received Import Request.
  Time since last request: 0.000027 seconds.
  path: Assets/TradingIcons/TradingIcons_t/TradingIcons_33_t.png
  artifactKey: Guid(8939a7654895c1f40abf3f7a6a08b54f) Importer(815301076,1909f56bfc062723c751e8b465ee728b)
Start importing Assets/TradingIcons/TradingIcons_t/TradingIcons_33_t.png using Guid(8939a7654895c1f40abf3f7a6a08b54f) Importer(815301076,1909f56bfc062723c751e8b465ee728b)  -> (artifact id: '147014545873a8cac98d1dde66e6bd71') in 0.020008 seconds
Number of updated asset objects reloaded before import = 0
Number of asset objects unloaded after import = 3
========================================================================
Received Import Request.
  Time since last request: 0.000015 seconds.
  path: Assets/TradingIcons/TradingIcons_t/TradingIcons_34_t.png
  artifactKey: Guid(343d77f33829df74796870be07092278) Importer(815301076,1909f56bfc062723c751e8b465ee728b)
Start importing Assets/TradingIcons/TradingIcons_t/TradingIcons_34_t.png using Guid(343d77f33829df74796870be07092278) Importer(815301076,1909f56bfc062723c751e8b465ee728b)  -> (artifact id: '4b2842924f061d06d4017e803f139e31') in 0.024623 seconds
Number of updated asset objects reloaded before import = 0
Number of asset objects unloaded after import = 3
========================================================================
Received Import Request.
  Time since last request: 0.000023 seconds.
  path: Assets/TradingIcons/TradingIcons_t/TradingIcons_51_t.PNG
  artifactKey: Guid(35a47b7dfe1f86b43a18d64b5298e411) Importer(815301076,1909f56bfc062723c751e8b465ee728b)
Start importing Assets/TradingIcons/TradingIcons_t/TradingIcons_51_t.PNG using Guid(35a47b7dfe1f86b43a18d64b5298e411) Importer(815301076,1909f56bfc062723c751e8b465ee728b)  -> (artifact id: '6e83ef3868180b1f6a9f6a2e1f57269c') in 0.019987 seconds
Number of updated asset objects reloaded before import = 0
Number of asset objects unloaded after import = 3
========================================================================
Received Import Request.
  Time since last request: 0.000027 seconds.
  path: Assets/TradingIcons/TradingIcons_t/TradingIcons_19_t.PNG
  artifactKey: Guid(d0a798734203f234ebc5abcdddba18c8) Importer(815301076,1909f56bfc062723c751e8b465ee728b)
Start importing Assets/TradingIcons/TradingIcons_t/TradingIcons_19_t.PNG using Guid(d0a798734203f234ebc5abcdddba18c8) Importer(815301076,1909f56bfc062723c751e8b465ee728b)  -> (artifact id: '9faecdc010b924c1119db76d5f5b9bc1') in 0.020280 seconds
Number of updated asset objects reloaded before import = 0
Number of asset objects unloaded after import = 3
========================================================================
Received Import Request.
  Time since last request: 0.000022 seconds.
  path: Assets/TradingIcons/TradingIcons_t/TradingIcons_59_t.png
  artifactKey: Guid(20bc604c8e613d44ab3c5495a94ada9e) Importer(815301076,1909f56bfc062723c751e8b465ee728b)
Start importing Assets/TradingIcons/TradingIcons_t/TradingIcons_59_t.png using Guid(20bc604c8e613d44ab3c5495a94ada9e) Importer(815301076,1909f56bfc062723c751e8b465ee728b)  -> (artifact id: 'add36f07ac20899182cb65b3b956bd1d') in 0.021090 seconds
Number of updated asset objects reloaded before import = 0
Number of asset objects unloaded after import = 3
========================================================================
Received Import Request.
  Time since last request: 0.000020 seconds.
  path: Assets/TradingIcons/TradingIcons_t/TradingIcons_64_t.png
  artifactKey: Guid(936a0c8c4ccdc9c49aee539851538fc8) Importer(815301076,1909f56bfc062723c751e8b465ee728b)
Start importing Assets/TradingIcons/TradingIcons_t/TradingIcons_64_t.png using Guid(936a0c8c4ccdc9c49aee539851538fc8) Importer(815301076,1909f56bfc062723c751e8b465ee728b)  -> (artifact id: '75d80039ecf9ff96bd23c270f095238e') in 0.020125 seconds
Number of updated asset objects reloaded before import = 0
Number of asset objects unloaded after import = 3
========================================================================
Received Import Request.
  Time since last request: 0.000034 seconds.
  path: Assets/TradingIcons/TradingIcons_t/TradingIcons_11_t.png
  artifactKey: Guid(b56ba86646726b14480a3b23e009deaa) Importer(815301076,1909f56bfc062723c751e8b465ee728b)
Start importing Assets/TradingIcons/TradingIcons_t/TradingIcons_11_t.png using Guid(b56ba86646726b14480a3b23e009deaa) Importer(815301076,1909f56bfc062723c751e8b465ee728b)  -> (artifact id: '5ef8074448d061c2d71e6df0022ee874') in 0.022548 seconds
Number of updated asset objects reloaded before import = 0
Number of asset objects unloaded after import = 3
========================================================================
Received Import Request.
  Time since last request: 0.000331 seconds.
  path: Assets/TradingIcons/TradingIcons_t/TradingIcons_75_t.png
  artifactKey: Guid(7e072faf141e139488fc3e141dabf831) Importer(815301076,1909f56bfc062723c751e8b465ee728b)
Start importing Assets/TradingIcons/TradingIcons_t/TradingIcons_75_t.png using Guid(7e072faf141e139488fc3e141dabf831) Importer(815301076,1909f56bfc062723c751e8b465ee728b)  -> (artifact id: 'dd0e138630460548f60741f3aff0d2d7') in 0.024051 seconds
Number of updated asset objects reloaded before import = 0
Number of asset objects unloaded after import = 3
========================================================================
Received Import Request.
  Time since last request: 0.000018 seconds.
  path: Assets/TradingIcons/TradingIcons_t/TradingIcons_29_t.PNG
  artifactKey: Guid(bf1fb55da4ba8d849a32402cf3ab144e) Importer(815301076,1909f56bfc062723c751e8b465ee728b)
Start importing Assets/TradingIcons/TradingIcons_t/TradingIcons_29_t.PNG using Guid(bf1fb55da4ba8d849a32402cf3ab144e) Importer(815301076,1909f56bfc062723c751e8b465ee728b)  -> (artifact id: '639ac9daffbcdc7426f5c8338e07e13d') in 0.022462 seconds
Number of updated asset objects reloaded before import = 0
Number of asset objects unloaded after import = 3
========================================================================
Received Import Request.
  Time since last request: 0.000024 seconds.
  path: Assets/TradingIcons/TradingIcons_t/TradingIcons_63_t.png
  artifactKey: Guid(4d905f06363808a40832e4fbab9a6b24) Importer(815301076,1909f56bfc062723c751e8b465ee728b)
Start importing Assets/TradingIcons/TradingIcons_t/TradingIcons_63_t.png using Guid(4d905f06363808a40832e4fbab9a6b24) Importer(815301076,1909f56bfc062723c751e8b465ee728b)  -> (artifact id: 'eb9073faadb894231933bfe13d9de956') in 0.021724 seconds
Number of updated asset objects reloaded before import = 0
Number of asset objects unloaded after import = 3
========================================================================
Received Import Request.
  Time since last request: 0.000020 seconds.
  path: Assets/TradingIcons/TradingIcons_t/TradingIcons_77_t.PNG
  artifactKey: Guid(e72bd0834ec761d4f8f701f176441cfe) Importer(815301076,1909f56bfc062723c751e8b465ee728b)
Start importing Assets/TradingIcons/TradingIcons_t/TradingIcons_77_t.PNG using Guid(e72bd0834ec761d4f8f701f176441cfe) Importer(815301076,1909f56bfc062723c751e8b465ee728b)  -> (artifact id: '9ec257fca860b2f1cff0bff3cd7712cd') in 0.025365 seconds
Number of updated asset objects reloaded before import = 0
Number of asset objects unloaded after import = 3
========================================================================
Received Import Request.
  Time since last request: 0.000018 seconds.
  path: Assets/TradingIcons/TradingIcons_t/TradingIcons_38_t.PNG
  artifactKey: Guid(a6e81079521413c4a8baa3bd8d777532) Importer(815301076,1909f56bfc062723c751e8b465ee728b)
Start importing Assets/TradingIcons/TradingIcons_t/TradingIcons_38_t.PNG using Guid(a6e81079521413c4a8baa3bd8d777532) Importer(815301076,1909f56bfc062723c751e8b465ee728b)  -> (artifact id: 'd07150bfe2ab46a158c5a57a19810095') in 0.023975 seconds
Number of updated asset objects reloaded before import = 0
Number of asset objects unloaded after import = 3
========================================================================
Received Import Request.
  Time since last request: 0.000035 seconds.
  path: Assets/TradingIcons/TradingIcons_t/TradingIcons_66_t.png
  artifactKey: Guid(d1a9d9966f5c1cb4280c76909dd04da2) Importer(815301076,1909f56bfc062723c751e8b465ee728b)
Start importing Assets/TradingIcons/TradingIcons_t/TradingIcons_66_t.png using Guid(d1a9d9966f5c1cb4280c76909dd04da2) Importer(815301076,1909f56bfc062723c751e8b465ee728b)  -> (artifact id: 'e4a187d36773d8f7863a97db1557cf40') in 0.020813 seconds
Number of updated asset objects reloaded before import = 0
Number of asset objects unloaded after import = 3
========================================================================
Received Import Request.
  Time since last request: 0.000034 seconds.
  path: Assets/TradingIcons/TradingIcons_t/TradingIcons_49_t.PNG
  artifactKey: Guid(fcf9e6f3eed351e4db5e9d29b562c0c4) Importer(815301076,1909f56bfc062723c751e8b465ee728b)
Start importing Assets/TradingIcons/TradingIcons_t/TradingIcons_49_t.PNG using Guid(fcf9e6f3eed351e4db5e9d29b562c0c4) Importer(815301076,1909f56bfc062723c751e8b465ee728b)  -> (artifact id: 'db34ec39c0fd3c247caf3648481329bf') in 0.020232 seconds
Number of updated asset objects reloaded before import = 0
Number of asset objects unloaded after import = 3
========================================================================
Received Import Request.
  Time since last request: 0.000020 seconds.
  path: Assets/TradingIcons/TradingIcons_t/TradingIcons_17_t.PNG
  artifactKey: Guid(16847df0e04d9f8479bc140a4a349432) Importer(815301076,1909f56bfc062723c751e8b465ee728b)
Start importing Assets/TradingIcons/TradingIcons_t/TradingIcons_17_t.PNG using Guid(16847df0e04d9f8479bc140a4a349432) Importer(815301076,1909f56bfc062723c751e8b465ee728b)  -> (artifact id: 'd91980e0e511b289e2048af0ace6ae80') in 0.022814 seconds
Number of updated asset objects reloaded before import = 0
Number of asset objects unloaded after import = 3
========================================================================
Received Import Request.
  Time since last request: 0.000017 seconds.
  path: Assets/TradingIcons/TradingIcons_t/TradingIcons_86_t.PNG
  artifactKey: Guid(dd36a3e9da6dba64299d194c005f417d) Importer(815301076,1909f56bfc062723c751e8b465ee728b)
Start importing Assets/TradingIcons/TradingIcons_t/TradingIcons_86_t.PNG using Guid(dd36a3e9da6dba64299d194c005f417d) Importer(815301076,1909f56bfc062723c751e8b465ee728b)  -> (artifact id: 'ea0efe6972dd8db157f73118aeee1bf3') in 0.020285 seconds
Number of updated asset objects reloaded before import = 0
Number of asset objects unloaded after import = 3
========================================================================
Received Import Request.
  Time since last request: 0.000040 seconds.
  path: Assets/TradingIcons/TradingIcons_t/TradingIcons_36_t.PNG
  artifactKey: Guid(1136d2bb6ba086846b1efdd1d78c56a7) Importer(815301076,1909f56bfc062723c751e8b465ee728b)
Start importing Assets/TradingIcons/TradingIcons_t/TradingIcons_36_t.PNG using Guid(1136d2bb6ba086846b1efdd1d78c56a7) Importer(815301076,1909f56bfc062723c751e8b465ee728b)  -> (artifact id: '084974e461366cf5ac670dd38f94f7c6') in 0.022496 seconds
Number of updated asset objects reloaded before import = 0
Number of asset objects unloaded after import = 3
========================================================================
Received Import Request.
  Time since last request: 0.000035 seconds.
  path: Assets/TradingIcons/TradingIcons_t/TradingIcons_20_t.PNG
  artifactKey: Guid(b85a702431bb93e488c9b671cf79238f) Importer(815301076,1909f56bfc062723c751e8b465ee728b)
Start importing Assets/TradingIcons/TradingIcons_t/TradingIcons_20_t.PNG using Guid(b85a702431bb93e488c9b671cf79238f) Importer(815301076,1909f56bfc062723c751e8b465ee728b)  -> (artifact id: '5aab6ba0f0ae4ae6981c8c753c6a65e6') in 0.027294 seconds
Number of updated asset objects reloaded before import = 0
Number of asset objects unloaded after import = 3
========================================================================
Received Import Request.
  Time since last request: 0.000022 seconds.
  path: Assets/TradingIcons/TradingIcons_t/TradingIcons_07_t.png
  artifactKey: Guid(f562cb96738709c45bd26071ba5b4017) Importer(815301076,1909f56bfc062723c751e8b465ee728b)
Start importing Assets/TradingIcons/TradingIcons_t/TradingIcons_07_t.png using Guid(f562cb96738709c45bd26071ba5b4017) Importer(815301076,1909f56bfc062723c751e8b465ee728b)  -> (artifact id: '36fecc8a0f073eb27f152b5fe4ada115') in 0.023470 seconds
Number of updated asset objects reloaded before import = 0
Number of asset objects unloaded after import = 3
========================================================================
Received Import Request.
  Time since last request: 0.000022 seconds.
  path: Assets/TradingIcons/TradingIcons_t/TradingIcons_40_t.png
  artifactKey: Guid(9d0864f83f3b6e14981ffb02cacd20f2) Importer(815301076,1909f56bfc062723c751e8b465ee728b)
Start importing Assets/TradingIcons/TradingIcons_t/TradingIcons_40_t.png using Guid(9d0864f83f3b6e14981ffb02cacd20f2) Importer(815301076,1909f56bfc062723c751e8b465ee728b)  -> (artifact id: '6618ec35b3f712a31cc41b975d444270') in 0.026042 seconds
Number of updated asset objects reloaded before import = 0
Number of asset objects unloaded after import = 3
========================================================================
Received Import Request.
  Time since last request: 0.000021 seconds.
  path: Assets/TradingIcons/TradingIcons_t/TradingIcons_83_t.PNG
  artifactKey: Guid(02e187cfcdf7c074a858fd0cfba19f77) Importer(815301076,1909f56bfc062723c751e8b465ee728b)
Start importing Assets/TradingIcons/TradingIcons_t/TradingIcons_83_t.PNG using Guid(02e187cfcdf7c074a858fd0cfba19f77) Importer(815301076,1909f56bfc062723c751e8b465ee728b)  -> (artifact id: '08152be544d64ede553aeb69c12c034e') in 0.022292 seconds
Number of updated asset objects reloaded before import = 0
Number of asset objects unloaded after import = 3
========================================================================
Received Import Request.
  Time since last request: 0.000019 seconds.
  path: Assets/TradingIcons/TradingIcons_t/TradingIcons_05_t.png
  artifactKey: Guid(f9ca1ab443751224eb4f15a9b32402ba) Importer(815301076,1909f56bfc062723c751e8b465ee728b)
Start importing Assets/TradingIcons/TradingIcons_t/TradingIcons_05_t.png using Guid(f9ca1ab443751224eb4f15a9b32402ba) Importer(815301076,1909f56bfc062723c751e8b465ee728b)  -> (artifact id: '8c0ed32286ca9d1a1812525e159120c2') in 0.023736 seconds
Number of updated asset objects reloaded before import = 0
Number of asset objects unloaded after import = 3
========================================================================
Received Import Request.
  Time since last request: 0.000023 seconds.
  path: Assets/TradingIcons/TradingIcons_t/TradingIcons_18_t.PNG
  artifactKey: Guid(f840866e03738e843a544b793411f9c9) Importer(815301076,1909f56bfc062723c751e8b465ee728b)
Start importing Assets/TradingIcons/TradingIcons_t/TradingIcons_18_t.PNG using Guid(f840866e03738e843a544b793411f9c9) Importer(815301076,1909f56bfc062723c751e8b465ee728b)  -> (artifact id: 'fc0aa67069113e66c353438f2d7413a9') in 0.024778 seconds
Number of updated asset objects reloaded before import = 0
Number of asset objects unloaded after import = 3
========================================================================
Received Import Request.
  Time since last request: 0.000023 seconds.
  path: Assets/TradingIcons/TradingIcons_t/TradingIcons_61_t.png
  artifactKey: Guid(1aaf50f04dd411f4ea0334e1366cbb0f) Importer(815301076,1909f56bfc062723c751e8b465ee728b)
Start importing Assets/TradingIcons/TradingIcons_t/TradingIcons_61_t.png using Guid(1aaf50f04dd411f4ea0334e1366cbb0f) Importer(815301076,1909f56bfc062723c751e8b465ee728b)  -> (artifact id: '3cc07ed121a1269fe259402a474c174c') in 0.020827 seconds
Number of updated asset objects reloaded before import = 0
Number of asset objects unloaded after import = 3
========================================================================
Received Import Request.
  Time since last request: 0.000028 seconds.
  path: Assets/TradingIcons/TradingIcons_t/TradingIcons_84_t.PNG
  artifactKey: Guid(7671dfa032dd80d41be9159aca1e8d57) Importer(815301076,1909f56bfc062723c751e8b465ee728b)
Start importing Assets/TradingIcons/TradingIcons_t/TradingIcons_84_t.PNG using Guid(7671dfa032dd80d41be9159aca1e8d57) Importer(815301076,1909f56bfc062723c751e8b465ee728b)  -> (artifact id: '58737c076359c9a266bcaf3331b818b0') in 0.020931 seconds
Number of updated asset objects reloaded before import = 0
Number of asset objects unloaded after import = 3
========================================================================
Received Import Request.
  Time since last request: 0.000022 seconds.
  path: Assets/TradingIcons/TradingIcons_t/TradingIcons_43_t.png
  artifactKey: Guid(5c71e7067cb03704992c8015d2437595) Importer(815301076,1909f56bfc062723c751e8b465ee728b)
Start importing Assets/TradingIcons/TradingIcons_t/TradingIcons_43_t.png using Guid(5c71e7067cb03704992c8015d2437595) Importer(815301076,1909f56bfc062723c751e8b465ee728b)  -> (artifact id: 'b399a93a2336f28d8449ccd131d5c821') in 0.023067 seconds
Number of updated asset objects reloaded before import = 0
Number of asset objects unloaded after import = 3
========================================================================
Received Import Request.
  Time since last request: 0.000027 seconds.
  path: Assets/TradingIcons/TradingIcons_t/TradingIcons_71_t.png
  artifactKey: Guid(763e9c5019b4883478258a6d40466dfe) Importer(815301076,1909f56bfc062723c751e8b465ee728b)
Start importing Assets/TradingIcons/TradingIcons_t/TradingIcons_71_t.png using Guid(763e9c5019b4883478258a6d40466dfe) Importer(815301076,1909f56bfc062723c751e8b465ee728b)  -> (artifact id: '411611bf91b31caa7bc0356f34da018a') in 0.019312 seconds
Number of updated asset objects reloaded before import = 0
Number of asset objects unloaded after import = 3
========================================================================
Received Import Request.
  Time since last request: 0.000045 seconds.
  path: Assets/TradingIcons/TradingIcons_t/TradingIcons_21_t.PNG
  artifactKey: Guid(4cbc181b62b99704da981ce01e2e3e37) Importer(815301076,1909f56bfc062723c751e8b465ee728b)
Start importing Assets/TradingIcons/TradingIcons_t/TradingIcons_21_t.PNG using Guid(4cbc181b62b99704da981ce01e2e3e37) Importer(815301076,1909f56bfc062723c751e8b465ee728b)  -> (artifact id: 'fdd93a6ac306468f4c0f05074c6699f3') in 0.022353 seconds
Number of updated asset objects reloaded before import = 0
Number of asset objects unloaded after import = 3
========================================================================
Received Import Request.
  Time since last request: 0.000020 seconds.
  path: Assets/TradingIcons/TradingIcons_t/TradingIcons_35_t.PNG
  artifactKey: Guid(cbfdf54a538ba9c4bb8b3907b3d902ad) Importer(815301076,1909f56bfc062723c751e8b465ee728b)
Start importing Assets/TradingIcons/TradingIcons_t/TradingIcons_35_t.PNG using Guid(cbfdf54a538ba9c4bb8b3907b3d902ad) Importer(815301076,1909f56bfc062723c751e8b465ee728b)  -> (artifact id: 'fd5f4316a8f1a9b0beaf2f6bb75df287') in 0.024432 seconds
Number of updated asset objects reloaded before import = 0
Number of asset objects unloaded after import = 3
========================================================================
Received Import Request.
  Time since last request: 0.000023 seconds.
  path: Assets/TradingIcons/TradingIcons_t/TradingIcons_27_t.png
  artifactKey: Guid(efc06da1c1dcf9c4f855aed00367d713) Importer(815301076,1909f56bfc062723c751e8b465ee728b)
Start importing Assets/TradingIcons/TradingIcons_t/TradingIcons_27_t.png using Guid(efc06da1c1dcf9c4f855aed00367d713) Importer(815301076,1909f56bfc062723c751e8b465ee728b)  -> (artifact id: 'e3a433a8e313816b6561235c4846faeb') in 0.020625 seconds
Number of updated asset objects reloaded before import = 0
Number of asset objects unloaded after import = 3
========================================================================
Received Import Request.
  Time since last request: 0.000023 seconds.
  path: Assets/TradingIcons/TradingIcons_t/TradingIcons_45_t.png
  artifactKey: Guid(a9a97acf5b6186b479cd481c7b4b90e6) Importer(815301076,1909f56bfc062723c751e8b465ee728b)
Start importing Assets/TradingIcons/TradingIcons_t/TradingIcons_45_t.png using Guid(a9a97acf5b6186b479cd481c7b4b90e6) Importer(815301076,1909f56bfc062723c751e8b465ee728b)  -> (artifact id: 'c046242c5946f6b35b31f432eb9436df') in 0.021158 seconds
Number of updated asset objects reloaded before import = 0
Number of asset objects unloaded after import = 3
========================================================================
Received Import Request.
  Time since last request: 0.000016 seconds.
  path: Assets/TradingIcons/TradingIcons_t/TradingIcons_48_t.PNG
  artifactKey: Guid(2919e28f5885201459f45530426b9634) Importer(815301076,1909f56bfc062723c751e8b465ee728b)
Start importing Assets/TradingIcons/TradingIcons_t/TradingIcons_48_t.PNG using Guid(2919e28f5885201459f45530426b9634) Importer(815301076,1909f56bfc062723c751e8b465ee728b)  -> (artifact id: '8fb9f60ad7c3c13a0d5206fed19cebec') in 0.021997 seconds
Number of updated asset objects reloaded before import = 0
Number of asset objects unloaded after import = 3
========================================================================
Received Import Request.
  Time since last request: 0.000017 seconds.
  path: Assets/TradingIcons/TradingIcons_t/TradingIcons_14_t.PNG
  artifactKey: Guid(dccbfc57976050142a461b79ea8543a3) Importer(815301076,1909f56bfc062723c751e8b465ee728b)
Start importing Assets/TradingIcons/TradingIcons_t/TradingIcons_14_t.PNG using Guid(dccbfc57976050142a461b79ea8543a3) Importer(815301076,1909f56bfc062723c751e8b465ee728b)  -> (artifact id: 'ac36e85a02d0087744e984c886c41d61') in 0.020963 seconds
Number of updated asset objects reloaded before import = 0
Number of asset objects unloaded after import = 3
========================================================================
Received Import Request.
  Time since last request: 0.000025 seconds.
  path: Assets/TradingIcons/TradingIcons_t/TradingIcons_03_t.png
  artifactKey: Guid(818dac24d51b5fc45b5e509f60be659b) Importer(815301076,1909f56bfc062723c751e8b465ee728b)
Start importing Assets/TradingIcons/TradingIcons_t/TradingIcons_03_t.png using Guid(818dac24d51b5fc45b5e509f60be659b) Importer(815301076,1909f56bfc062723c751e8b465ee728b)  -> (artifact id: '42b38208096bbbc899cbac28b7935b94') in 0.021187 seconds
Number of updated asset objects reloaded before import = 0
Number of asset objects unloaded after import = 3
========================================================================
Received Import Request.
  Time since last request: 0.000021 seconds.
  path: Assets/TradingIcons/TradingIcons_t/TradingIcons_26_t.png
  artifactKey: Guid(eef377f8b570eec46b46c4d74fde5314) Importer(815301076,1909f56bfc062723c751e8b465ee728b)
Start importing Assets/TradingIcons/TradingIcons_t/TradingIcons_26_t.png using Guid(eef377f8b570eec46b46c4d74fde5314) Importer(815301076,1909f56bfc062723c751e8b465ee728b)  -> (artifact id: '696c00218337442ec98515f9e9ec4b33') in 0.022726 seconds
Number of updated asset objects reloaded before import = 0
Number of asset objects unloaded after import = 3
========================================================================
Received Import Request.
  Time since last request: 1.200624 seconds.
  path: Assets/TradingIcons/TradingIcons_t/TradingIcons_88_t.PNG
  artifactKey: Guid(b27ecb66060226d4fb79a9b77df7c578) Importer(815301076,1909f56bfc062723c751e8b465ee728b)
Start importing Assets/TradingIcons/TradingIcons_t/TradingIcons_88_t.PNG using Guid(b27ecb66060226d4fb79a9b77df7c578) Importer(815301076,1909f56bfc062723c751e8b465ee728b)  -> (artifact id: '2c36af3a6167d8a6d449bfff6cfd4682') in 0.037490 seconds
Number of updated asset objects reloaded before import = 0
Number of asset objects unloaded after import = 3
========================================================================
Received Import Request.
  Time since last request: 0.000028 seconds.
  path: Assets/TradingIcons/TradingIcons_t/TradingIcons_94_t.PNG
  artifactKey: Guid(f271e8a2df16a9f4bbdf5a0946c67eeb) Importer(815301076,1909f56bfc062723c751e8b465ee728b)
Start importing Assets/TradingIcons/TradingIcons_t/TradingIcons_94_t.PNG using Guid(f271e8a2df16a9f4bbdf5a0946c67eeb) Importer(815301076,1909f56bfc062723c751e8b465ee728b)  -> (artifact id: '6fd29209d42597bae4710b3a461d8f52') in 0.026452 seconds
Number of updated asset objects reloaded before import = 0
Number of asset objects unloaded after import = 3
========================================================================
Received Import Request.
  Time since last request: 0.000021 seconds.
  path: Assets/TradingIcons/TradingIcons_t/TradingIcons_97_t.PNG
  artifactKey: Guid(2d03a7ee798ead648ab8cf2b75bf7912) Importer(815301076,1909f56bfc062723c751e8b465ee728b)
Start importing Assets/TradingIcons/TradingIcons_t/TradingIcons_97_t.PNG using Guid(2d03a7ee798ead648ab8cf2b75bf7912) Importer(815301076,1909f56bfc062723c751e8b465ee728b)  -> (artifact id: '4038b9a711ee153a2fd4495acc31d980') in 0.020383 seconds
Number of updated asset objects reloaded before import = 0
Number of asset objects unloaded after import = 3
========================================================================
Received Import Request.
  Time since last request: 0.000024 seconds.
  path: Assets/TradingIcons/TradingIcons_t/TradingIcons_93_t.PNG
  artifactKey: Guid(02f86912d948b294599caa7b2ac7e883) Importer(815301076,1909f56bfc062723c751e8b465ee728b)
Start importing Assets/TradingIcons/TradingIcons_t/TradingIcons_93_t.PNG using Guid(02f86912d948b294599caa7b2ac7e883) Importer(815301076,1909f56bfc062723c751e8b465ee728b)  -> (artifact id: 'e30cd19fcb165459196110df2184f33d') in 0.019720 seconds
Number of updated asset objects reloaded before import = 0
Number of asset objects unloaded after import = 3
========================================================================
Received Import Request.
  Time since last request: 0.000028 seconds.
  path: Assets/TradingIcons/TradingIcons_t/TradingIcons_96_t.PNG
  artifactKey: Guid(4b4cc50eaca540d49969431cd4aad57f) Importer(815301076,1909f56bfc062723c751e8b465ee728b)
Start importing Assets/TradingIcons/TradingIcons_t/TradingIcons_96_t.PNG using Guid(4b4cc50eaca540d49969431cd4aad57f) Importer(815301076,1909f56bfc062723c751e8b465ee728b)  -> (artifact id: '7786690c07c480ccada5fd6a62c1822e') in 0.022694 seconds
Number of updated asset objects reloaded before import = 0
Number of asset objects unloaded after import = 3
========================================================================
Received Import Request.
  Time since last request: 0.000020 seconds.
  path: Assets/TradingIcons/TradingIcons_t/TradingIcons_95_t.PNG
  artifactKey: Guid(b676666cace86954a8c058f26ef19848) Importer(815301076,1909f56bfc062723c751e8b465ee728b)
Start importing Assets/TradingIcons/TradingIcons_t/TradingIcons_95_t.PNG using Guid(b676666cace86954a8c058f26ef19848) Importer(815301076,1909f56bfc062723c751e8b465ee728b)  -> (artifact id: 'ff43dced7e1141a591874d85ae574155') in 0.024025 seconds
Number of updated asset objects reloaded before import = 0
Number of asset objects unloaded after import = 3
========================================================================
Received Import Request.
  Time since last request: 0.000028 seconds.
  path: Assets/TradingIcons/TradingIcons_t/TradingIcons_90_t.PNG
  artifactKey: Guid(a5e435d26ea3565439cc3b02074c761d) Importer(815301076,1909f56bfc062723c751e8b465ee728b)
Start importing Assets/TradingIcons/TradingIcons_t/TradingIcons_90_t.PNG using Guid(a5e435d26ea3565439cc3b02074c761d) Importer(815301076,1909f56bfc062723c751e8b465ee728b)  -> (artifact id: '3b6e5a6e2d1a4d105ac8b5037eb41c29') in 0.030027 seconds
Number of updated asset objects reloaded before import = 0
Number of asset objects unloaded after import = 3
========================================================================
Received Import Request.
  Time since last request: 0.231980 seconds.
  path: Assets/TradingIcons/TradingIcons_t/TradingIcons_102_t.PNG
  artifactKey: Guid(d056c270080af2245ac136a59ad4baf5) Importer(815301076,1909f56bfc062723c751e8b465ee728b)
Start importing Assets/TradingIcons/TradingIcons_t/TradingIcons_102_t.PNG using Guid(d056c270080af2245ac136a59ad4baf5) Importer(815301076,1909f56bfc062723c751e8b465ee728b)  -> (artifact id: '4d58bed3bb8b1608d8c867542171b6ac') in 0.031924 seconds
Number of updated asset objects reloaded before import = 0
Number of asset objects unloaded after import = 3
========================================================================
Received Import Request.
  Time since last request: 0.000107 seconds.
  path: Assets/TradingIcons/TradingIcons_t/TradingIcons_103_t.PNG
  artifactKey: Guid(bf40c3941916da943afa72a332f432c4) Importer(815301076,1909f56bfc062723c751e8b465ee728b)
Start importing Assets/TradingIcons/TradingIcons_t/TradingIcons_103_t.PNG using Guid(bf40c3941916da943afa72a332f432c4) Importer(815301076,1909f56bfc062723c751e8b465ee728b)  -> (artifact id: '3ee6cc50b9c119ad1c0a2534bbf91ffd') in 0.030038 seconds
Number of updated asset objects reloaded before import = 0
Number of asset objects unloaded after import = 3
========================================================================
Received Import Request.
  Time since last request: 0.000022 seconds.
  path: Assets/TradingIcons/TradingIcons_t/TradingIcons_109_t.PNG
  artifactKey: Guid(92bb52399bd1b444587564d159048b8a) Importer(815301076,1909f56bfc062723c751e8b465ee728b)
Start importing Assets/TradingIcons/TradingIcons_t/TradingIcons_109_t.PNG using Guid(92bb52399bd1b444587564d159048b8a) Importer(815301076,1909f56bfc062723c751e8b465ee728b)  -> (artifact id: '797b355f0b280db75a3c0f31dd4a9fdb') in 0.024361 seconds
Number of updated asset objects reloaded before import = 0
Number of asset objects unloaded after import = 3
========================================================================
Received Import Request.
  Time since last request: 0.000019 seconds.
  path: Assets/TradingIcons/TradingIcons_t/TradingIcons_110_t.PNG
  artifactKey: Guid(3894e5b92e662554083c1478c57ed966) Importer(815301076,1909f56bfc062723c751e8b465ee728b)
Start importing Assets/TradingIcons/TradingIcons_t/TradingIcons_110_t.PNG using Guid(3894e5b92e662554083c1478c57ed966) Importer(815301076,1909f56bfc062723c751e8b465ee728b)  -> (artifact id: '64503483a5a5e10756af6b450d114bb8') in 0.028379 seconds
Number of updated asset objects reloaded before import = 0
Number of asset objects unloaded after import = 3
========================================================================
Received Import Request.
  Time since last request: 0.000020 seconds.
  path: Assets/TradingIcons/TradingIcons_t/TradingIcons_104_t.PNG
  artifactKey: Guid(7244b9f233ce6064ba2c718876bd792c) Importer(815301076,1909f56bfc062723c751e8b465ee728b)
Start importing Assets/TradingIcons/TradingIcons_t/TradingIcons_104_t.PNG using Guid(7244b9f233ce6064ba2c718876bd792c) Importer(815301076,1909f56bfc062723c751e8b465ee728b)  -> (artifact id: '6b60d3a5131f0133638c62b9120ad2f0') in 0.026672 seconds
Number of updated asset objects reloaded before import = 0
Number of asset objects unloaded after import = 3
========================================================================
Received Import Request.
  Time since last request: 0.000031 seconds.
  path: Assets/TradingIcons/TradingIcons_t/TradingIcons_111_t.PNG
  artifactKey: Guid(3bb465b0b168eed49ab1585fbe919083) Importer(815301076,1909f56bfc062723c751e8b465ee728b)
Start importing Assets/TradingIcons/TradingIcons_t/TradingIcons_111_t.PNG using Guid(3bb465b0b168eed49ab1585fbe919083) Importer(815301076,1909f56bfc062723c751e8b465ee728b)  -> (artifact id: 'e8a267efd0a7499e8042b273abe705ae') in 0.022860 seconds
Number of updated asset objects reloaded before import = 0
Number of asset objects unloaded after import = 3
========================================================================
Received Import Request.
  Time since last request: 10.502933 seconds.
  path: Assets/TradingIcons/TradingIcons_t/addons/TradingIcons_115_t.png
  artifactKey: Guid(7ef90c81f4a430c4ba796bea2c0232c9) Importer(815301076,1909f56bfc062723c751e8b465ee728b)
Start importing Assets/TradingIcons/TradingIcons_t/addons/TradingIcons_115_t.png using Guid(7ef90c81f4a430c4ba796bea2c0232c9) Importer(815301076,1909f56bfc062723c751e8b465ee728b)  -> (artifact id: '6c359aaad545360a65465cb1e39307f2') in 0.018847 seconds
Number of updated asset objects reloaded before import = 0
Number of asset objects unloaded after import = 3
========================================================================
Received Import Request.
  Time since last request: 0.000024 seconds.
  path: Assets/TradingIcons/TradingIcons_t/addons/TradingIcons_141_t.PNG
  artifactKey: Guid(9fee4036de226e14b9ead5687bcde8af) Importer(815301076,1909f56bfc062723c751e8b465ee728b)
Start importing Assets/TradingIcons/TradingIcons_t/addons/TradingIcons_141_t.PNG using Guid(9fee4036de226e14b9ead5687bcde8af) Importer(815301076,1909f56bfc062723c751e8b465ee728b)  -> (artifact id: '0f7e492b5530d3e3cffba052c3b9fa89') in 0.021250 seconds
Number of updated asset objects reloaded before import = 0
Number of asset objects unloaded after import = 3
========================================================================
Received Import Request.
  Time since last request: 0.000017 seconds.
  path: Assets/TradingIcons/TradingIcons_t/addons/TradingIcons_128_t.png
  artifactKey: Guid(0b1aab8243bb47b4fbcf50446361f2e4) Importer(815301076,1909f56bfc062723c751e8b465ee728b)
Start importing Assets/TradingIcons/TradingIcons_t/addons/TradingIcons_128_t.png using Guid(0b1aab8243bb47b4fbcf50446361f2e4) Importer(815301076,1909f56bfc062723c751e8b465ee728b)  -> (artifact id: '9f4522c0a68bd1cc8972d59a4b442a34') in 0.027733 seconds
Number of updated asset objects reloaded before import = 0
Number of asset objects unloaded after import = 3
========================================================================
Received Import Request.
  Time since last request: 0.000017 seconds.
  path: Assets/TradingIcons/TradingIcons_t/addons/TradingIcons_123_t.PNG
  artifactKey: Guid(facca2bdfc7735941b58938cd48c52f9) Importer(815301076,1909f56bfc062723c751e8b465ee728b)
Start importing Assets/TradingIcons/TradingIcons_t/addons/TradingIcons_123_t.PNG using Guid(facca2bdfc7735941b58938cd48c52f9) Importer(815301076,1909f56bfc062723c751e8b465ee728b)  -> (artifact id: 'e93d2f09dc7dd48fac0475865add24c0') in 0.021266 seconds
Number of updated asset objects reloaded before import = 0
Number of asset objects unloaded after import = 3
========================================================================
Received Import Request.
  Time since last request: 0.000022 seconds.
  path: Assets/TradingIcons/TradingIcons_t/addons/TradingIcons_118_t.PNG
  artifactKey: Guid(106c6a62e106c924f918e060638a23a0) Importer(815301076,1909f56bfc062723c751e8b465ee728b)
Start importing Assets/TradingIcons/TradingIcons_t/addons/TradingIcons_118_t.PNG using Guid(106c6a62e106c924f918e060638a23a0) Importer(815301076,1909f56bfc062723c751e8b465ee728b)  -> (artifact id: '2319b2618c35bf64920d80d7dc6d58ad') in 0.020735 seconds
Number of updated asset objects reloaded before import = 0
Number of asset objects unloaded after import = 3
========================================================================
Received Import Request.
  Time since last request: 0.000015 seconds.
  path: Assets/TradingIcons/TradingIcons_t/addons/TradingIcons_138_t.PNG
  artifactKey: Guid(e141c121f8d15fe40a59a3f14c6b37e0) Importer(815301076,1909f56bfc062723c751e8b465ee728b)
Start importing Assets/TradingIcons/TradingIcons_t/addons/TradingIcons_138_t.PNG using Guid(e141c121f8d15fe40a59a3f14c6b37e0) Importer(815301076,1909f56bfc062723c751e8b465ee728b)  -> (artifact id: 'a0eaa0558d4ef8ea7c9beb73a05b484c') in 0.021963 seconds
Number of updated asset objects reloaded before import = 0
Number of asset objects unloaded after import = 3
========================================================================
Received Import Request.
  Time since last request: 0.000016 seconds.
  path: Assets/TradingIcons/TradingIcons_t/addons/TradingIcons_130_t.png
  artifactKey: Guid(76e33487d9567784887b4cbc18a91962) Importer(815301076,1909f56bfc062723c751e8b465ee728b)
Start importing Assets/TradingIcons/TradingIcons_t/addons/TradingIcons_130_t.png using Guid(76e33487d9567784887b4cbc18a91962) Importer(815301076,1909f56bfc062723c751e8b465ee728b)  -> (artifact id: '9d74d4065e4ee1e6d8718a45978c84ec') in 0.020805 seconds
Number of updated asset objects reloaded before import = 0
Number of asset objects unloaded after import = 3
========================================================================
Received Import Request.
  Time since last request: 0.000026 seconds.
  path: Assets/TradingIcons/TradingIcons_t/addons/TradingIcons_116_t.png
  artifactKey: Guid(ab313bb6aa614694cafe3589d59ec6e6) Importer(815301076,1909f56bfc062723c751e8b465ee728b)
Start importing Assets/TradingIcons/TradingIcons_t/addons/TradingIcons_116_t.png using Guid(ab313bb6aa614694cafe3589d59ec6e6) Importer(815301076,1909f56bfc062723c751e8b465ee728b)  -> (artifact id: '501f4af02c8f8b228316ce7867cfc97e') in 0.020077 seconds
Number of updated asset objects reloaded before import = 0
Number of asset objects unloaded after import = 3
========================================================================
Received Import Request.
  Time since last request: 0.000019 seconds.
  path: Assets/TradingIcons/TradingIcons_t/addons/TradingIcons_122_t.png
  artifactKey: Guid(7350cc9845701674da0352f2e0763435) Importer(815301076,1909f56bfc062723c751e8b465ee728b)
Start importing Assets/TradingIcons/TradingIcons_t/addons/TradingIcons_122_t.png using Guid(7350cc9845701674da0352f2e0763435) Importer(815301076,1909f56bfc062723c751e8b465ee728b)  -> (artifact id: '1ae15852c8c162756e6d491837170714') in 0.019868 seconds
Number of updated asset objects reloaded before import = 0
Number of asset objects unloaded after import = 3
========================================================================
Received Import Request.
  Time since last request: 0.000021 seconds.
  path: Assets/TradingIcons/TradingIcons_t/addons/TradingIcons_124_t.PNG
  artifactKey: Guid(9014520f75109ae4995d8c463b070313) Importer(815301076,1909f56bfc062723c751e8b465ee728b)
Start importing Assets/TradingIcons/TradingIcons_t/addons/TradingIcons_124_t.PNG using Guid(9014520f75109ae4995d8c463b070313) Importer(815301076,1909f56bfc062723c751e8b465ee728b)  -> (artifact id: '7f1ba72d2b5a703cba69759e69a69eb5') in 0.019905 seconds
Number of updated asset objects reloaded before import = 0
Number of asset objects unloaded after import = 3
========================================================================
Received Import Request.
  Time since last request: 0.000021 seconds.
  path: Assets/TradingIcons/TradingIcons_t/addons/TradingIcons_131_t.PNG
  artifactKey: Guid(43bbea7888484a14ca41edbbd9dc41df) Importer(815301076,1909f56bfc062723c751e8b465ee728b)
Start importing Assets/TradingIcons/TradingIcons_t/addons/TradingIcons_131_t.PNG using Guid(43bbea7888484a14ca41edbbd9dc41df) Importer(815301076,1909f56bfc062723c751e8b465ee728b)  -> (artifact id: '03d735325d3427708a6feb9e2bc6d6e9') in 0.019561 seconds
Number of updated asset objects reloaded before import = 0
Number of asset objects unloaded after import = 3
Editor requested this worker to shutdown with reason: Scaling down because of idle timeout
TcpMessagingSession - receive error: operation aborted. errorcode: 995, details: The I/O operation has been aborted because of either a thread exit or an application request.
AssetImportWorker is now disconnected from the server
Process exiting
Exiting without the bug reporter. Application will terminate with return code 0